# JRE version: OpenJDK Runtime Environment Temurin-17.0.2+8 (17.0.2+8) (build 17.0.2+8)
# Java VM: OpenJDK 64-Bit Server VM Temurin-17.0.2+8 (17.0.2+8, mixed mode, tiered, compressed oops, compressed class ptrs, parallel gc, windows-amd64)
GC Precious Log:
 CPUs: 8 total, 8 available
 Memory: 16088M
 Large Page Support: Disabled
 NUMA Support: Disabled
 Compressed Oops: Enabled (32-bit)
 Alignments: Space 512K, Generation 512K, Heap 2M
 Heap Min Capacity: 100M
 Heap Initial Capacity: 100M
 Heap Max Capacity: 1G
 Pre-touch: Disabled
 Parallel Workers: 8
Heap:
 PSYoungGen      total 34816K, used 13127K [0x00000000eab00000, 0x00000000ede80000, 0x0000000100000000)
  eden space 22528K, 3% used [0x00000000eab00000,0x00000000eabd3af0,0x00000000ec100000)
  from space 12288K, 99% used [0x00000000ec100000,0x00000000eccfe448,0x00000000ecd00000)
  to   space 14848K, 0% used [0x00000000ed000000,0x00000000ed000000,0x00000000ede80000)
 ParOldGen       total 303104K, used 234767K [0x00000000c0000000, 0x00000000d2800000, 0x00000000eab00000)
  object space 303104K, 77% used [0x00000000c0000000,0x00000000ce543fb8,0x00000000d2800000)
 Metaspace       used 90818K, committed 91840K, reserved 1138688K
  class space    used 8907K, committed 9344K, reserved 1048576K
GC Heap History (20 events):
Event: 13583.433 GC heap before
{Heap before GC invocations=12391 (full 200):
 PSYoungGen      total 31232K, used 31200K [0x00000000eab00000, 0x00000000ed400000, 0x0000000100000000)
  eden space 25088K, 100% used [0x00000000eab00000,0x00000000ec380000,0x00000000ec380000)
  from space 6144K, 99% used [0x00000000ec380000,0x00000000ec978040,0x00000000ec980000)
  to   space 8192K, 0% used [0x00000000ecc00000,0x00000000ecc00000,0x00000000ed400000)
 ParOldGen       total 293888K, used 285671K [0x00000000c0000000, 0x00000000d1f00000, 0x00000000eab00000)
  object space 293888K, 97% used [0x00000000c0000000,0x00000000d16f9d58,0x00000000d1f00000)
 Metaspace       used 90648K, committed 91648K, reserved 1138688K
  class space    used 8907K, committed 9344K, reserved 1048576K
}
Event: 13583.438 GC heap after
{Heap after GC invocations=12391 (full 200):
 PSYoungGen      total 30208K, used 8189K [0x00000000eab00000, 0x00000000edb00000, 0x0000000100000000)
  eden space 22016K, 0% used [0x00000000eab00000,0x00000000eab00000,0x00000000ec080000)
  from space 8192K, 99% used [0x00000000ecc00000,0x00000000ed3ff7e8,0x00000000ed400000)
  to   space 11776K, 0% used [0x00000000ec080000,0x00000000ec080000,0x00000000ecc00000)
 ParOldGen       total 293888K, used 288294K [0x00000000c0000000, 0x00000000d1f00000, 0x00000000eab00000)
  object space 293888K, 98% used [0x00000000c0000000,0x00000000d19899a8,0x00000000d1f00000)
 Metaspace       used 90648K, committed 91648K, reserved 1138688K
  class space    used 8907K, committed 9344K, reserved 1048576K
}
Event: 13586.857 GC heap before
{Heap before GC invocations=12392 (full 200):
 PSYoungGen      total 30208K, used 30201K [0x00000000eab00000, 0x00000000edb00000, 0x0000000100000000)
  eden space 22016K, 99% used [0x00000000eab00000,0x00000000ec07ef58,0x00000000ec080000)
  from space 8192K, 99% used [0x00000000ecc00000,0x00000000ed3ff7e8,0x00000000ed400000)
  to   space 11776K, 0% used [0x00000000ec080000,0x00000000ec080000,0x00000000ecc00000)
 ParOldGen       total 293888K, used 288294K [0x00000000c0000000, 0x00000000d1f00000, 0x00000000eab00000)
  object space 293888K, 98% used [0x00000000c0000000,0x00000000d19899a8,0x00000000d1f00000)
 Metaspace       used 90663K, committed 91712K, reserved 1138688K
  class space    used 8907K, committed 9344K, reserved 1048576K
}
Event: 13586.860 GC heap after
{Heap after GC invocations=12392 (full 200):
 PSYoungGen      total 31232K, used 8749K [0x00000000eab00000, 0x00000000ed400000, 0x0000000100000000)
  eden space 22016K, 0% used [0x00000000eab00000,0x00000000eab00000,0x00000000ec080000)
  from space 9216K, 94% used [0x00000000ec080000,0x00000000ec90b7f8,0x00000000ec980000)
  to   space 9728K, 0% used [0x00000000eca80000,0x00000000eca80000,0x00000000ed400000)
 ParOldGen       total 293888K, used 288419K [0x00000000c0000000, 0x00000000d1f00000, 0x00000000eab00000)
  object space 293888K, 98% used [0x00000000c0000000,0x00000000d19a8e38,0x00000000d1f00000)
 Metaspace       used 90663K, committed 91712K, reserved 1138688K
  class space    used 8907K, committed 9344K, reserved 1048576K
}
Event: 13587.286 GC heap before
{Heap before GC invocations=12393 (full 200):
 PSYoungGen      total 31232K, used 30765K [0x00000000eab00000, 0x00000000ed400000, 0x0000000100000000)
  eden space 22016K, 100% used [0x00000000eab00000,0x00000000ec080000,0x00000000ec080000)
  from space 9216K, 94% used [0x00000000ec080000,0x00000000ec90b7f8,0x00000000ec980000)
  to   space 9728K, 0% used [0x00000000eca80000,0x00000000eca80000,0x00000000ed400000)
 ParOldGen       total 293888K, used 288419K [0x00000000c0000000, 0x00000000d1f00000, 0x00000000eab00000)
  object space 293888K, 98% used [0x00000000c0000000,0x00000000d19a8e38,0x00000000d1f00000)
 Metaspace       used 90688K, committed 91712K, reserved 1138688K
  class space    used 8907K, committed 9344K, reserved 1048576K
}
Event: 13587.289 GC heap after
{Heap after GC invocations=12393 (full 200):
 PSYoungGen      total 31744K, used 9101K [0x00000000eab00000, 0x00000000ed380000, 0x0000000100000000)
  eden space 22528K, 0% used [0x00000000eab00000,0x00000000eab00000,0x00000000ec100000)
  from space 9216K, 98% used [0x00000000eca80000,0x00000000ed3637f8,0x00000000ed380000)
  to   space 9216K, 0% used [0x00000000ec180000,0x00000000ec180000,0x00000000eca80000)
 ParOldGen       total 293888K, used 288419K [0x00000000c0000000, 0x00000000d1f00000, 0x00000000eab00000)
  object space 293888K, 98% used [0x00000000c0000000,0x00000000d19a8e38,0x00000000d1f00000)
 Metaspace       used 90688K, committed 91712K, reserved 1138688K
  class space    used 8907K, committed 9344K, reserved 1048576K
}
Event: 13587.396 GC heap before
{Heap before GC invocations=12394 (full 200):
 PSYoungGen      total 31744K, used 31629K [0x00000000eab00000, 0x00000000ed380000, 0x0000000100000000)
  eden space 22528K, 100% used [0x00000000eab00000,0x00000000ec100000,0x00000000ec100000)
  from space 9216K, 98% used [0x00000000eca80000,0x00000000ed3637f8,0x00000000ed380000)
  to   space 9216K, 0% used [0x00000000ec180000,0x00000000ec180000,0x00000000eca80000)
 ParOldGen       total 293888K, used 288419K [0x00000000c0000000, 0x00000000d1f00000, 0x00000000eab00000)
  object space 293888K, 98% used [0x00000000c0000000,0x00000000d19a8e38,0x00000000d1f00000)
 Metaspace       used 90690K, committed 91712K, reserved 1138688K
  class space    used 8907K, committed 9344K, reserved 1048576K
}
Event: 13587.400 GC heap after
{Heap after GC invocations=12394 (full 200):
 PSYoungGen      total 32256K, used 9197K [0x00000000eab00000, 0x00000000edb80000, 0x0000000100000000)
  eden space 23040K, 0% used [0x00000000eab00000,0x00000000eab00000,0x00000000ec180000)
  from space 9216K, 99% used [0x00000000ec180000,0x00000000eca7b7f8,0x00000000eca80000)
  to   space 13312K, 0% used [0x00000000ece80000,0x00000000ece80000,0x00000000edb80000)
 ParOldGen       total 293888K, used 291799K [0x00000000c0000000, 0x00000000d1f00000, 0x00000000eab00000)
  object space 293888K, 99% used [0x00000000c0000000,0x00000000d1cf5e48,0x00000000d1f00000)
 Metaspace       used 90690K, committed 91712K, reserved 1138688K
  class space    used 8907K, committed 9344K, reserved 1048576K
}
Event: 13587.401 GC heap before
{Heap before GC invocations=12395 (full 201):
 PSYoungGen      total 32256K, used 9197K [0x00000000eab00000, 0x00000000edb80000, 0x0000000100000000)
  eden space 23040K, 0% used [0x00000000eab00000,0x00000000eab00000,0x00000000ec180000)
  from space 9216K, 99% used [0x00000000ec180000,0x00000000eca7b7f8,0x00000000eca80000)
  to   space 13312K, 0% used [0x00000000ece80000,0x00000000ece80000,0x00000000edb80000)
 ParOldGen       total 293888K, used 291799K [0x00000000c0000000, 0x00000000d1f00000, 0x00000000eab00000)
  object space 293888K, 99% used [0x00000000c0000000,0x00000000d1cf5e48,0x00000000d1f00000)
 Metaspace       used 90690K, committed 91712K, reserved 1138688K
  class space    used 8907K, committed 9344K, reserved 1048576K
}
Event: 13587.503 GC heap after
{Heap after GC invocations=12395 (full 201):
 PSYoungGen      total 36352K, used 0K [0x00000000eab00000, 0x00000000edc00000, 0x0000000100000000)
  eden space 23040K, 0% used [0x00000000eab00000,0x00000000eab00000,0x00000000ec180000)
  from space 13312K, 0% used [0x00000000ece80000,0x00000000ece80000,0x00000000edb80000)
  to   space 13312K, 0% used [0x00000000ec180000,0x00000000ec180000,0x00000000ece80000)
 ParOldGen       total 303104K, used 230363K [0x00000000c0000000, 0x00000000d2800000, 0x00000000eab00000)
  object space 303104K, 76% used [0x00000000c0000000,0x00000000ce0f6c60,0x00000000d2800000)
 Metaspace       used 90690K, committed 91712K, reserved 1138688K
  class space    used 8907K, committed 9344K, reserved 1048576K
}
Event: 13587.688 GC heap before
{Heap before GC invocations=12396 (full 201):
 PSYoungGen      total 36352K, used 23040K [0x00000000eab00000, 0x00000000edc00000, 0x0000000100000000)
  eden space 23040K, 100% used [0x00000000eab00000,0x00000000ec180000,0x00000000ec180000)
  from space 13312K, 0% used [0x00000000ece80000,0x00000000ece80000,0x00000000edb80000)
  to   space 13312K, 0% used [0x00000000ec180000,0x00000000ec180000,0x00000000ece80000)
 ParOldGen       total 303104K, used 230363K [0x00000000c0000000, 0x00000000d2800000, 0x00000000eab00000)
  object space 303104K, 76% used [0x00000000c0000000,0x00000000ce0f6c60,0x00000000d2800000)
 Metaspace       used 90707K, committed 91712K, reserved 1138688K
  class space    used 8907K, committed 9344K, reserved 1048576K
}
Event: 13587.690 GC heap after
{Heap after GC invocations=12396 (full 201):
 PSYoungGen      total 26624K, used 3488K [0x00000000eab00000, 0x00000000ed000000, 0x0000000100000000)
  eden space 23040K, 0% used [0x00000000eab00000,0x00000000eab00000,0x00000000ec180000)
  from space 3584K, 97% used [0x00000000ec180000,0x00000000ec4e8000,0x00000000ec500000)
  to   space 7168K, 0% used [0x00000000ec900000,0x00000000ec900000,0x00000000ed000000)
 ParOldGen       total 303104K, used 230363K [0x00000000c0000000, 0x00000000d2800000, 0x00000000eab00000)
  object space 303104K, 76% used [0x00000000c0000000,0x00000000ce0f6c60,0x00000000d2800000)
 Metaspace       used 90707K, committed 91712K, reserved 1138688K
  class space    used 8907K, committed 9344K, reserved 1048576K
}
Event: 13587.845 GC heap before
{Heap before GC invocations=12397 (full 201):
 PSYoungGen      total 26624K, used 26528K [0x00000000eab00000, 0x00000000ed000000, 0x0000000100000000)
  eden space 23040K, 100% used [0x00000000eab00000,0x00000000ec180000,0x00000000ec180000)
  from space 3584K, 97% used [0x00000000ec180000,0x00000000ec4e8000,0x00000000ec500000)
  to   space 7168K, 0% used [0x00000000ec900000,0x00000000ec900000,0x00000000ed000000)
 ParOldGen       total 303104K, used 230363K [0x00000000c0000000, 0x00000000d2800000, 0x00000000eab00000)
  object space 303104K, 76% used [0x00000000c0000000,0x00000000ce0f6c60,0x00000000d2800000)
 Metaspace       used 90735K, committed 91776K, reserved 1138688K
  class space    used 8907K, committed 9344K, reserved 1048576K
}
Event: 13587.849 GC heap after
{Heap after GC invocations=12397 (full 201):
 PSYoungGen      total 29696K, used 7136K [0x00000000eab00000, 0x00000000ed200000, 0x0000000100000000)
  eden space 22528K, 0% used [0x00000000eab00000,0x00000000eab00000,0x00000000ec100000)
  from space 7168K, 99% used [0x00000000ec900000,0x00000000ecff8010,0x00000000ed000000)
  to   space 8192K, 0% used [0x00000000ec100000,0x00000000ec100000,0x00000000ec900000)
 ParOldGen       total 303104K, used 230387K [0x00000000c0000000, 0x00000000d2800000, 0x00000000eab00000)
  object space 303104K, 76% used [0x00000000c0000000,0x00000000ce0fcc60,0x00000000d2800000)
 Metaspace       used 90735K, committed 91776K, reserved 1138688K
  class space    used 8907K, committed 9344K, reserved 1048576K
}
Event: 13587.979 GC heap before
{Heap before GC invocations=12398 (full 201):
 PSYoungGen      total 29696K, used 29664K [0x00000000eab00000, 0x00000000ed200000, 0x0000000100000000)
  eden space 22528K, 100% used [0x00000000eab00000,0x00000000ec100000,0x00000000ec100000)
  from space 7168K, 99% used [0x00000000ec900000,0x00000000ecff8010,0x00000000ed000000)
  to   space 8192K, 0% used [0x00000000ec100000,0x00000000ec100000,0x00000000ec900000)
 ParOldGen       total 303104K, used 230387K [0x00000000c0000000, 0x00000000d2800000, 0x00000000eab00000)
  object space 303104K, 76% used [0x00000000c0000000,0x00000000ce0fcc60,0x00000000d2800000)
 Metaspace       used 90778K, committed 91776K, reserved 1138688K
  class space    used 8907K, committed 9344K, reserved 1048576K
}
Event: 13587.983 GC heap after
{Heap after GC invocations=12398 (full 201):
 PSYoungGen      total 30720K, used 8160K [0x00000000eab00000, 0x00000000ed880000, 0x0000000100000000)
  eden space 22528K, 0% used [0x00000000eab00000,0x00000000eab00000,0x00000000ec100000)
  from space 8192K, 99% used [0x00000000ec100000,0x00000000ec8f8010,0x00000000ec900000)
  to   space 11776K, 0% used [0x00000000ecd00000,0x00000000ecd00000,0x00000000ed880000)
 ParOldGen       total 303104K, used 232899K [0x00000000c0000000, 0x00000000d2800000, 0x00000000eab00000)
  object space 303104K, 76% used [0x00000000c0000000,0x00000000ce370f28,0x00000000d2800000)
 Metaspace       used 90778K, committed 91776K, reserved 1138688K
  class space    used 8907K, committed 9344K, reserved 1048576K
}
Event: 13588.088 GC heap before
{Heap before GC invocations=12399 (full 201):
 PSYoungGen      total 30720K, used 30688K [0x00000000eab00000, 0x00000000ed880000, 0x0000000100000000)
  eden space 22528K, 100% used [0x00000000eab00000,0x00000000ec100000,0x00000000ec100000)
  from space 8192K, 99% used [0x00000000ec100000,0x00000000ec8f8010,0x00000000ec900000)
  to   space 11776K, 0% used [0x00000000ecd00000,0x00000000ecd00000,0x00000000ed880000)
 ParOldGen       total 303104K, used 232899K [0x00000000c0000000, 0x00000000d2800000, 0x00000000eab00000)
  object space 303104K, 76% used [0x00000000c0000000,0x00000000ce370f28,0x00000000d2800000)
 Metaspace       used 90791K, committed 91840K, reserved 1138688K
  class space    used 8907K, committed 9344K, reserved 1048576K
}
Event: 13588.094 GC heap after
{Heap after GC invocations=12399 (full 201):
 PSYoungGen      total 34304K, used 11744K [0x00000000eab00000, 0x00000000eda00000, 0x0000000100000000)
  eden space 22528K, 0% used [0x00000000eab00000,0x00000000eab00000,0x00000000ec100000)
  from space 11776K, 99% used [0x00000000ecd00000,0x00000000ed878020,0x00000000ed880000)
  to   space 12288K, 0% used [0x00000000ec100000,0x00000000ec100000,0x00000000ecd00000)
 ParOldGen       total 303104K, used 232899K [0x00000000c0000000, 0x00000000d2800000, 0x00000000eab00000)
  object space 303104K, 76% used [0x00000000c0000000,0x00000000ce370f28,0x00000000d2800000)
 Metaspace       used 90791K, committed 91840K, reserved 1138688K
  class space    used 8907K, committed 9344K, reserved 1048576K
}
Event: 13589.430 GC heap before
{Heap before GC invocations=12400 (full 201):
 PSYoungGen      total 34304K, used 34272K [0x00000000eab00000, 0x00000000eda00000, 0x0000000100000000)
  eden space 22528K, 100% used [0x00000000eab00000,0x00000000ec100000,0x00000000ec100000)
  from space 11776K, 99% used [0x00000000ecd00000,0x00000000ed878020,0x00000000ed880000)
  to   space 12288K, 0% used [0x00000000ec100000,0x00000000ec100000,0x00000000ecd00000)
 ParOldGen       total 303104K, used 232899K [0x00000000c0000000, 0x00000000d2800000, 0x00000000eab00000)
  object space 303104K, 76% used [0x00000000c0000000,0x00000000ce370f28,0x00000000d2800000)
 Metaspace       used 90818K, committed 91840K, reserved 1138688K
  class space    used 8907K, committed 9344K, reserved 1048576K
}
Event: 13589.439 GC heap after
{Heap after GC invocations=12400 (full 201):
 PSYoungGen      total 34816K, used 12281K [0x00000000eab00000, 0x00000000ede80000, 0x0000000100000000)
  eden space 22528K, 0% used [0x00000000eab00000,0x00000000eab00000,0x00000000ec100000)
  from space 12288K, 99% used [0x00000000ec100000,0x00000000eccfe448,0x00000000ecd00000)
  to   space 14848K, 0% used [0x00000000ed000000,0x00000000ed000000,0x00000000ede80000)
 ParOldGen       total 303104K, used 234767K [0x00000000c0000000, 0x00000000d2800000, 0x00000000eab00000)
  object space 303104K, 77% used [0x00000000c0000000,0x00000000ce543fb8,0x00000000d2800000)
 Metaspace       used 90818K, committed 91840K, reserved 1138688K
  class space    used 8907K, committed 9344K, reserved 1048576K
}

