# JRE version: Java(TM) SE Runtime Environment (17.0+35) (build 17+35-LTS-2724)
# Java VM: Java HotSpot(TM) 64-Bit Server VM (17+35-LTS-2724, mixed mode, sharing, tiered, compressed oops, compressed class ptrs, g1 gc, windows-amd64)
GC Precious Log:
 CPUs: 8 total, 8 available
 Memory: 16088M
 Large Page Support: Disabled
 NUMA Support: Disabled
 Compressed Oops: Enabled (Zero based)
 Heap Region Size: 2M
 Heap Min Capacity: 8M
 Heap Initial Capacity: 252M
 Heap Max Capacity: 4024M
 Pre-touch: Disabled
 Parallel Workers: 8
 Concurrent Workers: 2
 Concurrent Refinement Workers: 8
 Periodic GC: Disabled
Heap:
 garbage-first heap   total 1103872K, used 692771K [0x0000000704800000, 0x0000000800000000)
  region size 2048K, 10 young (20480K), 10 survivors (20480K)
 Metaspace       used 275K, committed 448K, reserved 1056768K
  class space    used 17K, committed 128K, reserved 1048576K
GC Heap History (20 events):
Event: 0.688 GC heap after
{Heap after GC invocations=5 (full 0):
 garbage-first heap   total 604160K, used 105153K [0x0000000704800000, 0x0000000800000000)
  region size 2048K, 1 young (2048K), 1 survivors (2048K)
 Metaspace       used 222K, committed 448K, reserved 1056768K
  class space    used 13K, committed 128K, reserved 1048576K
}
Event: 0.956 GC heap before
{Heap before GC invocations=5 (full 0):
 garbage-first heap   total 604160K, used 131777K [0x0000000704800000, 0x0000000800000000)
  region size 2048K, 14 young (28672K), 1 survivors (2048K)
 Metaspace       used 267K, committed 448K, reserved 1056768K
  class space    used 16K, committed 128K, reserved 1048576K
}
Event: 0.982 GC heap after
{Heap after GC invocations=6 (full 0):
 garbage-first heap   total 604160K, used 113154K [0x0000000704800000, 0x0000000800000000)
  region size 2048K, 2 young (4096K), 2 survivors (4096K)
 Metaspace       used 267K, committed 448K, reserved 1056768K
  class space    used 16K, committed 128K, reserved 1048576K
}
Event: 1.167 GC heap before
{Heap before GC invocations=6 (full 0):
 garbage-first heap   total 604160K, used 137730K [0x0000000704800000, 0x0000000800000000)
  region size 2048K, 14 young (28672K), 2 survivors (4096K)
 Metaspace       used 268K, committed 448K, reserved 1056768K
  class space    used 16K, committed 128K, reserved 1048576K
}
Event: 1.179 GC heap after
{Heap after GC invocations=7 (full 0):
 garbage-first heap   total 604160K, used 114669K [0x0000000704800000, 0x0000000800000000)
  region size 2048K, 1 young (2048K), 1 survivors (2048K)
 Metaspace       used 268K, committed 448K, reserved 1056768K
  class space    used 16K, committed 128K, reserved 1048576K
}
Event: 1.286 GC heap before
{Heap before GC invocations=7 (full 0):
 garbage-first heap   total 604160K, used 141293K [0x0000000704800000, 0x0000000800000000)
  region size 2048K, 14 young (28672K), 1 survivors (2048K)
 Metaspace       used 268K, committed 448K, reserved 1056768K
  class space    used 16K, committed 128K, reserved 1048576K
}
Event: 1.288 GC heap after
{Heap after GC invocations=8 (full 0):
 garbage-first heap   total 604160K, used 114154K [0x0000000704800000, 0x0000000800000000)
  region size 2048K, 1 young (2048K), 1 survivors (2048K)
 Metaspace       used 268K, committed 448K, reserved 1056768K
  class space    used 16K, committed 128K, reserved 1048576K
}
Event: 1.429 GC heap before
{Heap before GC invocations=8 (full 0):
 garbage-first heap   total 604160K, used 151018K [0x0000000704800000, 0x0000000800000000)
  region size 2048K, 14 young (28672K), 1 survivors (2048K)
 Metaspace       used 275K, committed 448K, reserved 1056768K
  class space    used 17K, committed 128K, reserved 1048576K
}
Event: 1.434 GC heap after
{Heap after GC invocations=9 (full 0):
 garbage-first heap   total 604160K, used 125475K [0x0000000704800000, 0x0000000800000000)
  region size 2048K, 2 young (4096K), 2 survivors (4096K)
 Metaspace       used 275K, committed 448K, reserved 1056768K
  class space    used 17K, committed 128K, reserved 1048576K
}
Event: 1.461 GC heap before
{Heap before GC invocations=9 (full 0):
 garbage-first heap   total 604160K, used 193059K [0x0000000704800000, 0x0000000800000000)
  region size 2048K, 35 young (71680K), 2 survivors (4096K)
 Metaspace       used 275K, committed 448K, reserved 1056768K
  class space    used 17K, committed 128K, reserved 1048576K
}
Event: 1.489 GC heap after
{Heap after GC invocations=10 (full 0):
 garbage-first heap   total 1103872K, used 193039K [0x0000000704800000, 0x0000000800000000)
  region size 2048K, 5 young (10240K), 5 survivors (10240K)
 Metaspace       used 275K, committed 448K, reserved 1056768K
  class space    used 17K, committed 128K, reserved 1048576K
}
Event: 1.530 GC heap before
{Heap before GC invocations=10 (full 0):
 garbage-first heap   total 1103872K, used 260623K [0x0000000704800000, 0x0000000800000000)
  region size 2048K, 38 young (77824K), 5 survivors (10240K)
 Metaspace       used 275K, committed 448K, reserved 1056768K
  class space    used 17K, committed 128K, reserved 1048576K
}
Event: 1.555 GC heap after
{Heap after GC invocations=11 (full 0):
 garbage-first heap   total 1103872K, used 260643K [0x0000000704800000, 0x0000000800000000)
  region size 2048K, 5 young (10240K), 5 survivors (10240K)
 Metaspace       used 275K, committed 448K, reserved 1056768K
  class space    used 17K, committed 128K, reserved 1048576K
}
Event: 3.955 GC heap before
{Heap before GC invocations=11 (full 0):
 garbage-first heap   total 1103872K, used 344611K [0x0000000704800000, 0x0000000800000000)
  region size 2048K, 46 young (94208K), 5 survivors (10240K)
 Metaspace       used 275K, committed 448K, reserved 1056768K
  class space    used 17K, committed 128K, reserved 1048576K
}
Event: 3.977 GC heap after
{Heap after GC invocations=12 (full 0):
 garbage-first heap   total 1103872K, used 344611K [0x0000000704800000, 0x0000000800000000)
  region size 2048K, 6 young (12288K), 6 survivors (12288K)
 Metaspace       used 275K, committed 448K, reserved 1056768K
  class space    used 17K, committed 128K, reserved 1048576K
}
Event: 3.984 GC heap before
{Heap before GC invocations=12 (full 0):
 garbage-first heap   total 1103872K, used 440867K [0x0000000704800000, 0x0000000800000000)
  region size 2048K, 53 young (108544K), 6 survivors (12288K)
 Metaspace       used 275K, committed 448K, reserved 1056768K
  class space    used 17K, committed 128K, reserved 1048576K
}
Event: 4.012 GC heap after
{Heap after GC invocations=13 (full 0):
 garbage-first heap   total 1103872K, used 440867K [0x0000000704800000, 0x0000000800000000)
  region size 2048K, 7 young (14336K), 7 survivors (14336K)
 Metaspace       used 275K, committed 448K, reserved 1056768K
  class space    used 17K, committed 128K, reserved 1048576K
}
Event: 4.049 GC heap before
{Heap before GC invocations=13 (full 0):
 garbage-first heap   total 1103872K, used 559651K [0x0000000704800000, 0x0000000800000000)
  region size 2048K, 65 young (133120K), 7 survivors (14336K)
 Metaspace       used 275K, committed 448K, reserved 1056768K
  class space    used 17K, committed 128K, reserved 1048576K
}
Event: 4.080 GC heap after
{Heap after GC invocations=14 (full 0):
 garbage-first heap   total 1103872K, used 559651K [0x0000000704800000, 0x0000000800000000)
  region size 2048K, 9 young (18432K), 9 survivors (18432K)
 Metaspace       used 275K, committed 448K, reserved 1056768K
  class space    used 17K, committed 128K, reserved 1048576K
}
Event: 4.089 GC heap before
{Heap before GC invocations=14 (full 0):
 garbage-first heap   total 1103872K, used 692771K [0x0000000704800000, 0x0000000800000000)
  region size 2048K, 74 young (151552K), 9 survivors (18432K)
 Metaspace       used 275K, committed 448K, reserved 1056768K
  class space    used 17K, committed 128K, reserved 1048576K
}

